	Babylon.js Exporter version: 1.8.0, Blender version: 2.74 (sub 0)
========= Conversion from Blender to Babylon.js =========
	Python World class constructor completed
	processing begun of material:  My_Game.Material
	processing begun of material:  My_Game.Material.000
	processing begun of material:  My_Game.Material.001
	processing begun of material:  My_Game.Material.002
	processing begun of material:  My_Game.Material.003
	Diffuse texture found
	processing begun of material:  My_Game.Material.004
	processing begun of material:  My_Game.Material.005
	processing begun of material:  My_Game.Material.006
	processing begun of mesh:  Trigger.End
		num positions      :  8
		num normals        :  8
		num uvs            :  0
		num uvs2           :  0
		num colors         :  0
		num indices        :  36
	processing begun of mesh:  Barrier.Bottom
		num positions      :  8
		num normals        :  8
		num uvs            :  0
		num uvs2           :  0
		num colors         :  0
		num indices        :  36
	processing begun of mesh:  Barrier.Top
		num positions      :  8
		num normals        :  8
		num uvs            :  0
		num uvs2           :  0
		num colors         :  0
		num indices        :  36
	processing begun of mesh:  Icosphere.057
		processing begun of multimaterial:  My_Game.Multimaterial#0
		num positions      :  42
		num normals        :  42
		num uvs            :  0
		num uvs2           :  0
		num colors         :  0
		num indices        :  240
	processing begun of mesh:  Icosphere.056
		processing begun of multimaterial:  My_Game.Multimaterial#1
		num positions      :  42
		num normals        :  42
		num uvs            :  0
		num uvs2           :  0
		num colors         :  0
		num indices        :  240
	processing begun of mesh:  Icosphere.055
		processing begun of multimaterial:  My_Game.Multimaterial#2
		num positions      :  42
		num normals        :  42
		num uvs            :  0
		num uvs2           :  0
		num colors         :  0
		num indices        :  240
	processing begun of mesh:  Icosphere.054
		processing begun of multimaterial:  My_Game.Multimaterial#3
		num positions      :  42
		num normals        :  42
		num uvs            :  0
		num uvs2           :  0
		num colors         :  0
		num indices        :  240
	processing begun of mesh:  Icosphere.053
		processing begun of multimaterial:  My_Game.Multimaterial#4
		num positions      :  42
		num normals        :  42
		num uvs            :  0
		num uvs2           :  0
		num colors         :  0
		num indices        :  240
	processing begun of mesh:  Icosphere.052
		processing begun of multimaterial:  My_Game.Multimaterial#5
		num positions      :  42
		num normals        :  42
		num uvs            :  0
		num uvs2           :  0
		num colors         :  0
		num indices        :  240
	processing begun of mesh:  Icosphere.051
		processing begun of multimaterial:  My_Game.Multimaterial#6
		num positions      :  42
		num normals        :  42
		num uvs            :  0
		num uvs2           :  0
		num colors         :  0
		num indices        :  240
	processing begun of mesh:  Icosphere.050
		processing begun of multimaterial:  My_Game.Multimaterial#7
		num positions      :  42
		num normals        :  42
		num uvs            :  0
		num uvs2           :  0
		num colors         :  0
		num indices        :  240
	processing begun of mesh:  Icosphere.049
		processing begun of multimaterial:  My_Game.Multimaterial#8
		num positions      :  42
		num normals        :  42
		num uvs            :  0
		num uvs2           :  0
		num colors         :  0
		num indices        :  240
	processing begun of mesh:  Icosphere.048
		processing begun of multimaterial:  My_Game.Multimaterial#9
		num positions      :  42
		num normals        :  42
		num uvs            :  0
		num uvs2           :  0
		num colors         :  0
		num indices        :  240
	processing begun of mesh:  Icosphere.047
		processing begun of multimaterial:  My_Game.Multimaterial#10
		num positions      :  42
		num normals        :  42
		num uvs            :  0
		num uvs2           :  0
		num colors         :  0
		num indices        :  240
	processing begun of mesh:  Icosphere.046
		processing begun of multimaterial:  My_Game.Multimaterial#11
		num positions      :  42
		num normals        :  42
		num uvs            :  0
		num uvs2           :  0
		num colors         :  0
		num indices        :  240
	processing begun of mesh:  Icosphere.045
		processing begun of multimaterial:  My_Game.Multimaterial#12
		num positions      :  42
		num normals        :  42
		num uvs            :  0
		num uvs2           :  0
		num colors         :  0
		num indices        :  240
	processing begun of mesh:  Icosphere.044
		processing begun of multimaterial:  My_Game.Multimaterial#13
		num positions      :  42
		num normals        :  42
		num uvs            :  0
		num uvs2           :  0
		num colors         :  0
		num indices        :  240
	processing begun of mesh:  Icosphere.043
		processing begun of multimaterial:  My_Game.Multimaterial#14
		num positions      :  42
		num normals        :  42
		num uvs            :  0
		num uvs2           :  0
		num colors         :  0
		num indices        :  240
	processing begun of mesh:  Icosphere.042
		processing begun of multimaterial:  My_Game.Multimaterial#15
		num positions      :  42
		num normals        :  42
		num uvs            :  0
		num uvs2           :  0
		num colors         :  0
		num indices        :  240
	processing begun of mesh:  Icosphere.041
		processing begun of multimaterial:  My_Game.Multimaterial#16
		num positions      :  42
		num normals        :  42
		num uvs            :  0
		num uvs2           :  0
		num colors         :  0
		num indices        :  240
	processing begun of mesh:  Icosphere.040
		processing begun of multimaterial:  My_Game.Multimaterial#17
		num positions      :  42
		num normals        :  42
		num uvs            :  0
		num uvs2           :  0
		num colors         :  0
		num indices        :  240
	processing begun of mesh:  Icosphere.039
		processing begun of multimaterial:  My_Game.Multimaterial#18
		num positions      :  42
		num normals        :  42
		num uvs            :  0
		num uvs2           :  0
		num colors         :  0
		num indices        :  240
	processing begun of mesh:  Icosphere.038
		processing begun of multimaterial:  My_Game.Multimaterial#19
		num positions      :  42
		num normals        :  42
		num uvs            :  0
		num uvs2           :  0
		num colors         :  0
		num indices        :  240
	processing begun of mesh:  Icosphere.037
		processing begun of multimaterial:  My_Game.Multimaterial#20
		num positions      :  42
		num normals        :  42
		num uvs            :  0
		num uvs2           :  0
		num colors         :  0
		num indices        :  240
	processing begun of mesh:  Icosphere.036
		processing begun of multimaterial:  My_Game.Multimaterial#21
		num positions      :  42
		num normals        :  42
		num uvs            :  0
		num uvs2           :  0
		num colors         :  0
		num indices        :  240
	processing begun of mesh:  Icosphere.035
		processing begun of multimaterial:  My_Game.Multimaterial#22
		num positions      :  42
		num normals        :  42
		num uvs            :  0
		num uvs2           :  0
		num colors         :  0
		num indices        :  240
	processing begun of mesh:  Icosphere.034
		processing begun of multimaterial:  My_Game.Multimaterial#23
		num positions      :  42
		num normals        :  42
		num uvs            :  0
		num uvs2           :  0
		num colors         :  0
		num indices        :  240
	processing begun of mesh:  Icosphere.033
		processing begun of multimaterial:  My_Game.Multimaterial#24
		num positions      :  42
		num normals        :  42
		num uvs            :  0
		num uvs2           :  0
		num colors         :  0
		num indices        :  240
	processing begun of mesh:  Icosphere.032
		processing begun of multimaterial:  My_Game.Multimaterial#25
		num positions      :  42
		num normals        :  42
		num uvs            :  0
		num uvs2           :  0
		num colors         :  0
		num indices        :  240
	processing begun of mesh:  Icosphere.031
		processing begun of multimaterial:  My_Game.Multimaterial#26
		num positions      :  42
		num normals        :  42
		num uvs            :  0
		num uvs2           :  0
		num colors         :  0
		num indices        :  240
	processing begun of mesh:  Icosphere.030
		processing begun of multimaterial:  My_Game.Multimaterial#27
		num positions      :  42
		num normals        :  42
		num uvs            :  0
		num uvs2           :  0
		num colors         :  0
		num indices        :  240
	processing begun of mesh:  Icosphere.029
		processing begun of multimaterial:  My_Game.Multimaterial#28
		num positions      :  42
		num normals        :  42
		num uvs            :  0
		num uvs2           :  0
		num colors         :  0
		num indices        :  240
	processing begun of mesh:  Icosphere.028
		processing begun of multimaterial:  My_Game.Multimaterial#29
		num positions      :  42
		num normals        :  42
		num uvs            :  0
		num uvs2           :  0
		num colors         :  0
		num indices        :  240
	processing begun of mesh:  Icosphere.027
		processing begun of multimaterial:  My_Game.Multimaterial#30
		num positions      :  42
		num normals        :  42
		num uvs            :  0
		num uvs2           :  0
		num colors         :  0
		num indices        :  240
	processing begun of mesh:  Icosphere.026
		processing begun of multimaterial:  My_Game.Multimaterial#31
		num positions      :  42
		num normals        :  42
		num uvs            :  0
		num uvs2           :  0
		num colors         :  0
		num indices        :  240
	processing begun of mesh:  Icosphere.025
		processing begun of multimaterial:  My_Game.Multimaterial#32
		num positions      :  42
		num normals        :  42
		num uvs            :  0
		num uvs2           :  0
		num colors         :  0
		num indices        :  240
	processing begun of mesh:  Icosphere.024
		processing begun of multimaterial:  My_Game.Multimaterial#33
		num positions      :  42
		num normals        :  42
		num uvs            :  0
		num uvs2           :  0
		num colors         :  0
		num indices        :  240
	processing begun of mesh:  Icosphere.023
		processing begun of multimaterial:  My_Game.Multimaterial#34
		num positions      :  42
		num normals        :  42
		num uvs            :  0
		num uvs2           :  0
		num colors         :  0
		num indices        :  240
	processing begun of mesh:  Icosphere.022
		processing begun of multimaterial:  My_Game.Multimaterial#35
		num positions      :  42
		num normals        :  42
		num uvs            :  0
		num uvs2           :  0
		num colors         :  0
		num indices        :  240
	processing begun of mesh:  Icosphere.021
		processing begun of multimaterial:  My_Game.Multimaterial#36
		num positions      :  42
		num normals        :  42
		num uvs            :  0
		num uvs2           :  0
		num colors         :  0
		num indices        :  240
	processing begun of mesh:  Icosphere.020
		processing begun of multimaterial:  My_Game.Multimaterial#37
		num positions      :  42
		num normals        :  42
		num uvs            :  0
		num uvs2           :  0
		num colors         :  0
		num indices        :  240
	processing begun of mesh:  Icosphere.019
		processing begun of multimaterial:  My_Game.Multimaterial#38
		num positions      :  42
		num normals        :  42
		num uvs            :  0
		num uvs2           :  0
		num colors         :  0
		num indices        :  240
	processing begun of mesh:  Icosphere.018
		processing begun of multimaterial:  My_Game.Multimaterial#39
		num positions      :  42
		num normals        :  42
		num uvs            :  0
		num uvs2           :  0
		num colors         :  0
		num indices        :  240
	processing begun of mesh:  Icosphere.017
		processing begun of multimaterial:  My_Game.Multimaterial#40
		num positions      :  42
		num normals        :  42
		num uvs            :  0
		num uvs2           :  0
		num colors         :  0
		num indices        :  240
	processing begun of mesh:  Icosphere.016
		processing begun of multimaterial:  My_Game.Multimaterial#41
		num positions      :  42
		num normals        :  42
		num uvs            :  0
		num uvs2           :  0
		num colors         :  0
		num indices        :  240
	processing begun of mesh:  Icosphere.015
		processing begun of multimaterial:  My_Game.Multimaterial#42
		num positions      :  42
		num normals        :  42
		num uvs            :  0
		num uvs2           :  0
		num colors         :  0
		num indices        :  240
	processing begun of mesh:  Icosphere.014
		processing begun of multimaterial:  My_Game.Multimaterial#43
		num positions      :  42
		num normals        :  42
		num uvs            :  0
		num uvs2           :  0
		num colors         :  0
		num indices        :  240
	processing begun of mesh:  Icosphere.013
		processing begun of multimaterial:  My_Game.Multimaterial#44
		num positions      :  42
		num normals        :  42
		num uvs            :  0
		num uvs2           :  0
		num colors         :  0
		num indices        :  240
	processing begun of mesh:  Icosphere.012
		processing begun of multimaterial:  My_Game.Multimaterial#45
		num positions      :  42
		num normals        :  42
		num uvs            :  0
		num uvs2           :  0
		num colors         :  0
		num indices        :  240
	processing begun of mesh:  Icosphere.011
		processing begun of multimaterial:  My_Game.Multimaterial#46
		num positions      :  42
		num normals        :  42
		num uvs            :  0
		num uvs2           :  0
		num colors         :  0
		num indices        :  240
	processing begun of mesh:  Icosphere.010
		processing begun of multimaterial:  My_Game.Multimaterial#47
		num positions      :  42
		num normals        :  42
		num uvs            :  0
		num uvs2           :  0
		num colors         :  0
		num indices        :  240
	processing begun of mesh:  Icosphere.008
		processing begun of multimaterial:  My_Game.Multimaterial#48
		num positions      :  42
		num normals        :  42
		num uvs            :  0
		num uvs2           :  0
		num colors         :  0
		num indices        :  240
	processing begun of mesh:  Icosphere.007
		processing begun of multimaterial:  My_Game.Multimaterial#49
		num positions      :  42
		num normals        :  42
		num uvs            :  0
		num uvs2           :  0
		num colors         :  0
		num indices        :  240
	processing begun of mesh:  Icosphere.006
		processing begun of multimaterial:  My_Game.Multimaterial#50
		num positions      :  42
		num normals        :  42
		num uvs            :  0
		num uvs2           :  0
		num colors         :  0
		num indices        :  240
	processing begun of mesh:  Icosphere.005
		processing begun of multimaterial:  My_Game.Multimaterial#51
		num positions      :  42
		num normals        :  42
		num uvs            :  0
		num uvs2           :  0
		num colors         :  0
		num indices        :  240
	processing begun of mesh:  Icosphere.004
		processing begun of multimaterial:  My_Game.Multimaterial#52
		num positions      :  42
		num normals        :  42
		num uvs            :  0
		num uvs2           :  0
		num colors         :  0
		num indices        :  240
	processing begun of mesh:  Icosphere.003
		processing begun of multimaterial:  My_Game.Multimaterial#53
		num positions      :  42
		num normals        :  42
		num uvs            :  0
		num uvs2           :  0
		num colors         :  0
		num indices        :  240
	processing begun of mesh:  Icosphere.002
		processing begun of multimaterial:  My_Game.Multimaterial#54
		num positions      :  42
		num normals        :  42
		num uvs            :  0
		num uvs2           :  0
		num colors         :  0
		num indices        :  240
	processing begun of mesh:  Icosphere.001
		processing begun of multimaterial:  My_Game.Multimaterial#55
		num positions      :  42
		num normals        :  42
		num uvs            :  0
		num uvs2           :  0
		num colors         :  0
		num indices        :  240
	processing begun of mesh:  Icosphere
		processing begun of multimaterial:  My_Game.Multimaterial#56
		num positions      :  42
		num normals        :  42
		num uvs            :  0
		num uvs2           :  0
		num colors         :  0
		num indices        :  240
	processing begun of mesh:  Plane
		num positions      :  4
		num normals        :  4
		num uvs            :  8
		num uvs2           :  0
		num colors         :  0
		num indices        :  6
	processing begun of mesh:  Spiny Shell
		processing begun of multimaterial:  My_Game.Multimaterial#57
		num positions      :  196
		num normals        :  196
		num uvs            :  0
		num uvs2           :  0
		num colors         :  0
		num indices        :  1152
	processing begun of camera (FreeCamera):  Camera.main
	processing begun of mesh:  Icosphere.009
		processing begun of multimaterial:  My_Game.Multimaterial#58
		num positions      :  42
		num normals        :  42
		num uvs            :  0
		num uvs2           :  0
		num colors         :  0
		num indices        :  240
	processing begun of light (HEMI):  Lamp
========= Writing of scene file started =========
========= Writing of scene file completed =========
========= end of processing =========
